<?xml version="1.0" encoding="UTF-8"?>
<!-- Generated by org.testng.reporters.JUnitReportReporter -->
<testsuite hostname="DESKTOP-GGQ6OF8" failures="0" tests="1" name="com.myntraapp.testlayer.AddToCartFunctionality" time="97.118" errors="0" timestamp="2024-06-24T22:45:50 IST" skipped="0">
  <testcase classname="com.myntraapp.testlayer.AddToCartFunctionality" name="veryfyaddtocartfunctionality" time="97.118"/>
</testsuite> <!-- com.myntraapp.testlayer.AddToCartFunctionality -->
