<?xml version="1.0" encoding="UTF-8"?>
<!-- Generated by org.testng.reporters.JUnitReportReporter -->
<testsuite hostname="DESKTOP-GGQ6OF8" failures="0" tests="1" name="testlayer.Testlayer" time="4.324" errors="0" timestamp="2024-06-15T11:05:31 IST" skipped="0">
  <testcase classname="testlayer.Testlayer" name="verifylogin" time="4.324"/>
</testsuite> <!-- testlayer.Testlayer -->
