<?xml version="1.0" encoding="UTF-8"?>
<!-- Generated by org.testng.reporters.JUnitReportReporter -->
<testsuite hostname="DESKTOP-GGQ6OF8" failures="0" tests="1" name="testlayer.ContactTest" time="8.283" errors="0" timestamp="2024-06-15T11:05:31 IST" skipped="0">
  <testcase classname="testlayer.ContactTest" name="contacttest" time="8.283"/>
</testsuite> <!-- testlayer.ContactTest -->
